<?xml version="1.0" encoding="UTF-8"?>
<Site BuildName="Linux-g++"
	BuildStamp="20240925-1827-Experimental"
	Name="fedora"
	Generator="ctest-3.28.2"
	CompilerName="/usr/bin/g++"
	CompilerVersion=""
	OSName="Linux"
	Hostname="fedora"
	OSRelease="6.10.10-200.fc40.x86_64"
	OSVersion="#1 SMP PREEMPT_DYNAMIC Thu Sep 12 18:26:09 UTC 2024"
	OSPlatform="x86_64"
	Is64Bits="1"
	VendorString="AuthenticAMD"
	VendorID="Advanced Micro Devices"
	FamilyID="23"
	ModelID="1"
	ProcessorCacheSize="512"
	NumberOfLogicalCPU="16"
	NumberOfPhysicalCPU="8"
	TotalVirtualMemory="8191"
	TotalPhysicalMemory="15889"
	LogicalProcessorsPerPhysical="2"
	ProcessorClockFrequency="2200"
	>
	<Testing>
		<StartDateTime>Sep 25 20:27 CEST</StartDateTime>
		<StartTestTime>1727288866</StartTestTime>
		<TestList/>
		<EndDateTime>Sep 25 20:27 CEST</EndDateTime>
		<EndTestTime>1727288866</EndTestTime>
		<ElapsedMinutes>0</ElapsedMinutes>
	</Testing>
</Site>
